[debug] [2026-05-03T15:29:24.993Z] ----------------------------------------------------------------------
[debug] [2026-05-03T15:29:24.999Z] Command:       C:\Program Files\nodejs\node.exe C:\Users\Hp\AppData\Roaming\npm\node_modules\firebase-tools\lib\bin\firebase.js init hosting
[debug] [2026-05-03T15:29:24.999Z] CLI Version:   15.16.0
[debug] [2026-05-03T15:29:24.999Z] Platform:      win32
[debug] [2026-05-03T15:29:25.000Z] Node Version:  v24.14.1
[debug] [2026-05-03T15:29:25.000Z] Time:          Sun May 03 2026 20:59:25 GMT+0530 (India Standard Time)
[debug] [2026-05-03T15:29:25.000Z] ----------------------------------------------------------------------
[debug] 
[debug] [2026-05-03T15:29:25.004Z] >>> [apiv2][query] GET https://firebase-public.firebaseio.com/cli.json [none]
[info] 
     ######## #### ########  ######## ########     ###     ######  ########
     ##        ##  ##     ## ##       ##     ##  ##   ##  ##       ##
     ######    ##  ########  ######   ########  #########  ######  ######
     ##        ##  ##    ##  ##       ##     ## ##     ##       ## ##
     ##       #### ##     ## ######## ########  ##     ##  ######  ########

You're about to initialize a Firebase project in this directory:

  E:\SLIIT\4th year\Research\Project - Copy - Copy

[debug] [2026-05-03T15:29:27.853Z] <<< [apiv2][status] GET https://firebase-public.firebaseio.com/cli.json 200
[debug] [2026-05-03T15:29:27.853Z] <<< [apiv2][body] GET https://firebase-public.firebaseio.com/cli.json {"cloudBuildErrorAfter":1594252800000,"cloudBuildWarnAfter":1590019200000,"defaultNode10After":1594252800000,"minVersion":"3.0.5","node8DeploysDisabledAfter":1613390400000,"node8RuntimeDisabledAfter":1615809600000,"node8WarnAfter":1600128000000}
[info] 
=== Project Setup
[info] 
[info] First, let's associate this project directory with a Firebase project.
[info] You can create multiple project aliases by running firebase use --add, 
[info] 
[info] i  If you want to create a project in a Google Cloud organization or folder, please use "firebase projects:create" instead, and return to this command when you've created the project. 
[debug] [2026-05-03T15:29:35.855Z] > command requires scopes: ["email","openid","https://www.googleapis.com/auth/cloudplatformprojects.readonly","https://www.googleapis.com/auth/firebase","https://www.googleapis.com/auth/cloud-platform"]
[debug] [2026-05-03T15:29:35.855Z] > authorizing via signed-in user (raveeshaweerakoon3@gmail.com)
[debug] [2026-05-03T15:29:50.193Z] Checked if tokens are valid: false, expires at: 1777228813977
[debug] [2026-05-03T15:29:50.193Z] Checked if tokens are valid: false, expires at: 1777228813977
[debug] [2026-05-03T15:29:50.193Z] > refreshing access token with scopes: []
[debug] [2026-05-03T15:29:50.195Z] >>> [apiv2][query] POST https://www.googleapis.com/oauth2/v3/token [none]
[debug] [2026-05-03T15:29:50.195Z] >>> [apiv2][body] POST https://www.googleapis.com/oauth2/v3/token [omitted]
[debug] [2026-05-03T15:29:50.378Z] <<< [apiv2][status] POST https://www.googleapis.com/oauth2/v3/token 200
[debug] [2026-05-03T15:29:50.379Z] <<< [apiv2][body] POST https://www.googleapis.com/oauth2/v3/token [omitted]
[debug] [2026-05-03T15:29:50.389Z] >>> [apiv2][query] POST https://firebase.googleapis.com/v1/projects:checkProjectId [none]
[debug] [2026-05-03T15:29:50.390Z] >>> [apiv2][body] POST https://firebase.googleapis.com/v1/projects:checkProjectId {"proposedId":"Research 4th Year"}
[debug] [2026-05-03T15:29:50.879Z] <<< [apiv2][status] POST https://firebase.googleapis.com/v1/projects:checkProjectId 200
[debug] [2026-05-03T15:29:50.879Z] <<< [apiv2][body] POST https://firebase.googleapis.com/v1/projects:checkProjectId {"projectIdStatus":"PROJECT_ID_NOT_VALID","suggestedProjectId":"research-4th-year"}
[debug] [2026-05-03T15:30:15.136Z] Checked if tokens are valid: true, expires at: 1777825789379
[debug] [2026-05-03T15:30:15.137Z] Checked if tokens are valid: true, expires at: 1777825789379
[debug] [2026-05-03T15:30:15.138Z] >>> [apiv2][query] POST https://firebase.googleapis.com/v1/projects:checkProjectId [none]
[debug] [2026-05-03T15:30:15.138Z] >>> [apiv2][body] POST https://firebase.googleapis.com/v1/projects:checkProjectId {"proposedId":"Research_Project"}
[debug] [2026-05-03T15:30:15.595Z] <<< [apiv2][status] POST https://firebase.googleapis.com/v1/projects:checkProjectId 400
[debug] [2026-05-03T15:30:15.595Z] <<< [apiv2][body] POST https://firebase.googleapis.com/v1/projects:checkProjectId {"error":{"code":400,"message":"Request contains an invalid argument.","status":"INVALID_ARGUMENT"}}
[debug] [2026-05-03T15:30:15.596Z] Couldn't check if project ID Research_Project is available. Original error: FirebaseError: Failed to check if project ID is available. See firebase-debug.log for more info.
[debug] [2026-05-03T15:30:23.811Z] Checked if tokens are valid: true, expires at: 1777825789379
[debug] [2026-05-03T15:30:23.812Z] Checked if tokens are valid: true, expires at: 1777825789379
[debug] [2026-05-03T15:30:23.812Z] >>> [apiv2][query] POST https://cloudresourcemanager.googleapis.com/v1/projects [none]
[debug] [2026-05-03T15:30:23.812Z] >>> [apiv2][body] POST https://cloudresourcemanager.googleapis.com/v1/projects {"projectId":"Research_Project","name":"Research_Project"}
[debug] [2026-05-03T15:30:24.978Z] <<< [apiv2][status] POST https://cloudresourcemanager.googleapis.com/v1/projects 400
[debug] [2026-05-03T15:30:24.978Z] <<< [apiv2][body] POST https://cloudresourcemanager.googleapis.com/v1/projects {"error":{"code":400,"message":"Request contains an invalid argument.","status":"INVALID_ARGUMENT","details":[{"@type":"type.googleapis.com/google.rpc.BadRequest","fieldViolations":[{"field":"project_id","description":"project_id contains invalid characters"},{"field":"display_name","description":"project display name contains invalid characters"}]},{"@type":"type.googleapis.com/google.rpc.Help","links":[{"url":"https://cloud.google.com/resource-manager/reference/rest/v1/projects"}]}]}}
[debug] [2026-05-03T15:30:25.184Z] FirebaseError: Request to https://cloudresourcemanager.googleapis.com/v1/projects had HTTP Error: 400, Request contains an invalid argument.
    at responseToError (C:\Users\Hp\AppData\Roaming\npm\node_modules\firebase-tools\lib\responseToError.js:53:12)
    at RetryOperation._fn (C:\Users\Hp\AppData\Roaming\npm\node_modules\firebase-tools\lib\apiv2.js:333:77)
    at process.processTicksAndRejections (node:internal/process/task_queues:104:5)
[error] 
[error] Error: Failed to create project. See firebase-debug.log for more info.
